<?xml version="1.0" encoding="UTF-8"?>
<!-- Generated by org.testng.reporters.JUnitXMLReporter -->
<testsuite ignored="0" hostname="LTIN292599" failures="1" tests="1" name="ChromeTest(failed)" time="51.34" errors="0" timestamp="2024-03-19T15:29:31 IST">
  <testcase classname="TestCase.TestCase4_GoogleSignup" name="verifyLoginPage" time="10.257">
    <failure type="java.lang.AssertionError" message="null">
      <![CDATA[java.lang.AssertionError: null
at TestCase.TestCase4_GoogleSignup.verifyLoginPage(TestCase4_GoogleSignup.java:37)
at java.base/java.util.ArrayList.forEach(ArrayList.java:1511)
... Removed 29 stack frames]]>
    </failure>
  </testcase> <!-- verifyLoginPage -->
</testsuite> <!-- ChromeTest(failed) -->
